{"name":"hexo","hostname":"dxy-ly.local","pid":12640,"level":20,"msg":"Writing database to /Users/dxy-ly/dev/blog/db.json","time":"2019-03-28T15:57:07.636Z","v":0}
{"name":"hexo","hostname":"dxy-ly.local","pid":12640,"level":20,"msg":"Hexo version: \u001b[35m3.8.0\u001b[39m","time":"2019-03-28T15:57:07.657Z","v":0}
{"name":"hexo","hostname":"dxy-ly.local","pid":12640,"level":20,"msg":"Working directory: \u001b[35m~/dev/blog/\u001b[39m","time":"2019-03-28T15:57:07.658Z","v":0}
{"name":"hexo","hostname":"dxy-ly.local","pid":12640,"level":20,"msg":"Config loaded: \u001b[35m~/dev/blog/_config.yml\u001b[39m","time":"2019-03-28T15:57:07.818Z","v":0}
{"name":"hexo","hostname":"dxy-ly.local","pid":12640,"level":20,"msg":"Plugin loaded: \u001b[35mhexo-server\u001b[39m","time":"2019-03-28T15:57:07.967Z","v":0}
{"name":"hexo","hostname":"dxy-ly.local","pid":12640,"level":20,"msg":"Plugin loaded: \u001b[35mhexo-deployer-git\u001b[39m","time":"2019-03-28T15:57:08.061Z","v":0}
{"name":"hexo","hostname":"dxy-ly.local","pid":12640,"level":20,"msg":"Script loaded: \u001b[35mthemes/landscape/scripts/fancybox.js\u001b[39m","time":"2019-03-28T15:57:08.064Z","v":0}
{"name":"hexo","hostname":"dxy-ly.local","pid":12640,"level":60,"msg":"Port 4000 has been used. Try other port instead.","time":"2019-03-28T15:57:08.070Z","v":0}
{"name":"hexo","hostname":"dxy-ly.local","pid":12640,"level":60,"err":{"message":"listen EADDRINUSE :::4000","name":"Error","stack":"Error: listen EADDRINUSE :::4000\n    at Object.exports._errnoException (util.js:1018:11)\n    at exports._exceptionWithHostPort (util.js:1041:20)\n    at Server._listen2 (net.js:1262:14)\n    at listen (net.js:1298:10)\n    at Server.listen (net.js:1394:5)\n    at /Users/dxy-ly/dev/blog/node_modules/hexo-server/lib/server.js:82:12\n    at Promise._execute (/Users/dxy-ly/dev/blog/node_modules/bluebird/js/release/debuggability.js:313:9)\n    at Promise._resolveFromExecutor (/Users/dxy-ly/dev/blog/node_modules/bluebird/js/release/promise.js:483:18)\n    at new Promise (/Users/dxy-ly/dev/blog/node_modules/bluebird/js/release/promise.js:79:10)\n    at checkPort (/Users/dxy-ly/dev/blog/node_modules/hexo-server/lib/server.js:68:10)\n    at Hexo.module.exports (/Users/dxy-ly/dev/blog/node_modules/hexo-server/lib/server.js:19:10)\n    at Hexo.tryCatcher (/Users/dxy-ly/dev/blog/node_modules/bluebird/js/release/util.js:16:23)\n    at Hexo.<anonymous> (/Users/dxy-ly/dev/blog/node_modules/bluebird/js/release/method.js:15:34)\n    at Promise (/Users/dxy-ly/dev/blog/node_modules/hexo/lib/hexo/index.js:193:9)\n    at Promise._execute (/Users/dxy-ly/dev/blog/node_modules/bluebird/js/release/debuggability.js:313:9)\n    at Promise._resolveFromExecutor (/Users/dxy-ly/dev/blog/node_modules/bluebird/js/release/promise.js:483:18)\n    at new Promise (/Users/dxy-ly/dev/blog/node_modules/bluebird/js/release/promise.js:79:10)\n    at Hexo.call (/Users/dxy-ly/dev/blog/node_modules/hexo/lib/hexo/index.js:189:10)\n    at /Users/dxy-ly/.nvm/versions/node/v6.10.2/lib/node_modules/hexo-cli/lib/hexo.js:68:17\n    at tryCatcher (/Users/dxy-ly/.nvm/versions/node/v6.10.2/lib/node_modules/hexo-cli/node_modules/bluebird/js/release/util.js:16:23)\n    at Promise._settlePromiseFromHandler (/Users/dxy-ly/.nvm/versions/node/v6.10.2/lib/node_modules/hexo-cli/node_modules/bluebird/js/release/promise.js:512:31)\n    at Promise._settlePromise (/Users/dxy-ly/.nvm/versions/node/v6.10.2/lib/node_modules/hexo-cli/node_modules/bluebird/js/release/promise.js:569:18)","code":"EADDRINUSE"},"msg":"Something's wrong. Maybe you can find the solution here: \u001b[4mhttp://hexo.io/docs/troubleshooting.html\u001b[24m","time":"2019-03-28T15:57:08.072Z","v":0}
{"name":"hexo","hostname":"dxy-ly.local","pid":12640,"level":20,"msg":"Database saved","time":"2019-03-28T15:57:08.074Z","v":0}
{"name":"hexo","hostname":"dxy-ly.local","pid":12653,"level":20,"msg":"Writing database to /Users/dxy-ly/dev/blog/db.json","time":"2019-03-28T15:57:30.300Z","v":0}
{"name":"hexo","hostname":"dxy-ly.local","pid":12653,"level":20,"msg":"Hexo version: \u001b[35m3.8.0\u001b[39m","time":"2019-03-28T15:57:30.321Z","v":0}
{"name":"hexo","hostname":"dxy-ly.local","pid":12653,"level":20,"msg":"Working directory: \u001b[35m~/dev/blog/\u001b[39m","time":"2019-03-28T15:57:30.322Z","v":0}
{"name":"hexo","hostname":"dxy-ly.local","pid":12653,"level":20,"msg":"Config loaded: \u001b[35m~/dev/blog/_config.yml\u001b[39m","time":"2019-03-28T15:57:30.502Z","v":0}
{"name":"hexo","hostname":"dxy-ly.local","pid":12653,"level":20,"msg":"Plugin loaded: \u001b[35mhexo-server\u001b[39m","time":"2019-03-28T15:57:30.649Z","v":0}
{"name":"hexo","hostname":"dxy-ly.local","pid":12653,"level":20,"msg":"Plugin loaded: \u001b[35mhexo-deployer-git\u001b[39m","time":"2019-03-28T15:57:30.742Z","v":0}
{"name":"hexo","hostname":"dxy-ly.local","pid":12653,"level":20,"msg":"Script loaded: \u001b[35mthemes/landscape/scripts/fancybox.js\u001b[39m","time":"2019-03-28T15:57:30.746Z","v":0}
{"name":"hexo","hostname":"dxy-ly.local","pid":12653,"level":20,"msg":"Loading database.","time":"2019-03-28T15:57:30.754Z","v":0}
{"name":"hexo","hostname":"dxy-ly.local","pid":12653,"level":30,"msg":"Start processing","time":"2019-03-28T15:57:30.763Z","v":0}
{"name":"hexo","hostname":"dxy-ly.local","pid":12653,"level":20,"msg":"Processed: \u001b[35m_posts/hello-world.md\u001b[39m","time":"2019-03-28T15:57:30.821Z","v":0}
{"name":"hexo","hostname":"dxy-ly.local","pid":12653,"level":20,"msg":"Processed: \u001b[35m_posts/zeusoul.md\u001b[39m","time":"2019-03-28T15:57:30.822Z","v":0}
{"name":"hexo","hostname":"dxy-ly.local","pid":12653,"level":20,"msg":"Theme config loaded.","time":"2019-03-28T15:57:30.879Z","v":0}
{"name":"hexo","hostname":"dxy-ly.local","pid":12653,"level":20,"msg":"Processed: \u001b[35m_config.yml\u001b[39m","time":"2019-03-28T15:57:30.880Z","v":0}
{"name":"hexo","hostname":"dxy-ly.local","pid":12653,"level":20,"msg":"Processed: \u001b[35msource/css/style.styl\u001b[39m","time":"2019-03-28T15:57:30.893Z","v":0}
{"name":"hexo","hostname":"dxy-ly.local","pid":12653,"level":20,"msg":"Processed: \u001b[35msource/fancybox/blank.gif\u001b[39m","time":"2019-03-28T15:57:30.893Z","v":0}
{"name":"hexo","hostname":"dxy-ly.local","pid":12653,"level":20,"msg":"Processed: \u001b[35msource/fancybox/fancybox_loading.gif\u001b[39m","time":"2019-03-28T15:57:30.894Z","v":0}
{"name":"hexo","hostname":"dxy-ly.local","pid":12653,"level":20,"msg":"Processed: \u001b[35msource/fancybox/fancybox_overlay.png\u001b[39m","time":"2019-03-28T15:57:30.894Z","v":0}
{"name":"hexo","hostname":"dxy-ly.local","pid":12653,"level":20,"msg":"Processed: \u001b[35msource/fancybox/fancybox_loading@2x.gif\u001b[39m","time":"2019-03-28T15:57:30.895Z","v":0}
{"name":"hexo","hostname":"dxy-ly.local","pid":12653,"level":20,"msg":"Processed: \u001b[35msource/fancybox/fancybox_sprite.png\u001b[39m","time":"2019-03-28T15:57:30.896Z","v":0}
{"name":"hexo","hostname":"dxy-ly.local","pid":12653,"level":20,"msg":"Processed: \u001b[35msource/fancybox/fancybox_sprite@2x.png\u001b[39m","time":"2019-03-28T15:57:30.896Z","v":0}
{"name":"hexo","hostname":"dxy-ly.local","pid":12653,"level":20,"msg":"Processed: \u001b[35msource/fancybox/jquery.fancybox.css\u001b[39m","time":"2019-03-28T15:57:30.897Z","v":0}
{"name":"hexo","hostname":"dxy-ly.local","pid":12653,"level":20,"msg":"Processed: \u001b[35msource/js/script.js\u001b[39m","time":"2019-03-28T15:57:30.898Z","v":0}
{"name":"hexo","hostname":"dxy-ly.local","pid":12653,"level":20,"msg":"Processed: \u001b[35msource/fancybox/jquery.fancybox.js\u001b[39m","time":"2019-03-28T15:57:30.898Z","v":0}
{"name":"hexo","hostname":"dxy-ly.local","pid":12653,"level":20,"msg":"Processed: \u001b[35msource/fancybox/jquery.fancybox.pack.js\u001b[39m","time":"2019-03-28T15:57:30.898Z","v":0}
{"name":"hexo","hostname":"dxy-ly.local","pid":12653,"level":20,"msg":"Processed: \u001b[35mlayout/category.ejs\u001b[39m","time":"2019-03-28T15:57:30.919Z","v":0}
{"name":"hexo","hostname":"dxy-ly.local","pid":12653,"level":20,"msg":"Processed: \u001b[35mlayout/index.ejs\u001b[39m","time":"2019-03-28T15:57:30.919Z","v":0}
{"name":"hexo","hostname":"dxy-ly.local","pid":12653,"level":20,"msg":"Processed: \u001b[35mlayout/archive.ejs\u001b[39m","time":"2019-03-28T15:57:30.919Z","v":0}
{"name":"hexo","hostname":"dxy-ly.local","pid":12653,"level":20,"msg":"Processed: \u001b[35mlayout/layout.ejs\u001b[39m","time":"2019-03-28T15:57:30.920Z","v":0}
{"name":"hexo","hostname":"dxy-ly.local","pid":12653,"level":20,"msg":"Processed: \u001b[35mlayout/page.ejs\u001b[39m","time":"2019-03-28T15:57:30.920Z","v":0}
{"name":"hexo","hostname":"dxy-ly.local","pid":12653,"level":20,"msg":"Processed: \u001b[35mlayout/post.ejs\u001b[39m","time":"2019-03-28T15:57:30.920Z","v":0}
{"name":"hexo","hostname":"dxy-ly.local","pid":12653,"level":20,"msg":"Processed: \u001b[35mlayout/tag.ejs\u001b[39m","time":"2019-03-28T15:57:30.920Z","v":0}
{"name":"hexo","hostname":"dxy-ly.local","pid":12653,"level":20,"msg":"Processed: \u001b[35mlanguages/es.yml\u001b[39m","time":"2019-03-28T15:57:30.931Z","v":0}
{"name":"hexo","hostname":"dxy-ly.local","pid":12653,"level":20,"msg":"Processed: \u001b[35mlanguages/de.yml\u001b[39m","time":"2019-03-28T15:57:30.931Z","v":0}
{"name":"hexo","hostname":"dxy-ly.local","pid":12653,"level":20,"msg":"Processed: \u001b[35mlanguages/default.yml\u001b[39m","time":"2019-03-28T15:57:30.931Z","v":0}
{"name":"hexo","hostname":"dxy-ly.local","pid":12653,"level":20,"msg":"Processed: \u001b[35mlanguages/fr.yml\u001b[39m","time":"2019-03-28T15:57:30.932Z","v":0}
{"name":"hexo","hostname":"dxy-ly.local","pid":12653,"level":20,"msg":"Processed: \u001b[35mlanguages/ja.yml\u001b[39m","time":"2019-03-28T15:57:30.932Z","v":0}
{"name":"hexo","hostname":"dxy-ly.local","pid":12653,"level":20,"msg":"Processed: \u001b[35mlanguages/ko.yml\u001b[39m","time":"2019-03-28T15:57:30.932Z","v":0}
{"name":"hexo","hostname":"dxy-ly.local","pid":12653,"level":20,"msg":"Processed: \u001b[35mlanguages/nl.yml\u001b[39m","time":"2019-03-28T15:57:30.932Z","v":0}
{"name":"hexo","hostname":"dxy-ly.local","pid":12653,"level":20,"msg":"Processed: \u001b[35mlanguages/no.yml\u001b[39m","time":"2019-03-28T15:57:30.932Z","v":0}
{"name":"hexo","hostname":"dxy-ly.local","pid":12653,"level":20,"msg":"Processed: \u001b[35mlanguages/pt.yml\u001b[39m","time":"2019-03-28T15:57:30.932Z","v":0}
{"name":"hexo","hostname":"dxy-ly.local","pid":12653,"level":20,"msg":"Processed: \u001b[35mlanguages/ru.yml\u001b[39m","time":"2019-03-28T15:57:30.932Z","v":0}
{"name":"hexo","hostname":"dxy-ly.local","pid":12653,"level":20,"msg":"Processed: \u001b[35mlanguages/zh-TW.yml\u001b[39m","time":"2019-03-28T15:57:30.932Z","v":0}
{"name":"hexo","hostname":"dxy-ly.local","pid":12653,"level":20,"msg":"Processed: \u001b[35mlanguages/zh-CN.yml\u001b[39m","time":"2019-03-28T15:57:30.932Z","v":0}
{"name":"hexo","hostname":"dxy-ly.local","pid":12653,"level":20,"msg":"Processed: \u001b[35msource/css/fonts/FontAwesome.otf\u001b[39m","time":"2019-03-28T15:57:30.938Z","v":0}
{"name":"hexo","hostname":"dxy-ly.local","pid":12653,"level":20,"msg":"Processed: \u001b[35msource/css/fonts/fontawesome-webfont.eot\u001b[39m","time":"2019-03-28T15:57:30.939Z","v":0}
{"name":"hexo","hostname":"dxy-ly.local","pid":12653,"level":20,"msg":"Processed: \u001b[35msource/fancybox/helpers/fancybox_buttons.png\u001b[39m","time":"2019-03-28T15:57:30.939Z","v":0}
{"name":"hexo","hostname":"dxy-ly.local","pid":12653,"level":20,"msg":"Processed: \u001b[35msource/fancybox/helpers/jquery.fancybox-buttons.css\u001b[39m","time":"2019-03-28T15:57:30.940Z","v":0}
{"name":"hexo","hostname":"dxy-ly.local","pid":12653,"level":20,"msg":"Processed: \u001b[35msource/fancybox/helpers/jquery.fancybox-buttons.js\u001b[39m","time":"2019-03-28T15:57:30.940Z","v":0}
{"name":"hexo","hostname":"dxy-ly.local","pid":12653,"level":20,"msg":"Processed: \u001b[35msource/fancybox/helpers/jquery.fancybox-media.js\u001b[39m","time":"2019-03-28T15:57:30.941Z","v":0}
{"name":"hexo","hostname":"dxy-ly.local","pid":12653,"level":20,"msg":"Processed: \u001b[35msource/fancybox/helpers/jquery.fancybox-thumbs.js\u001b[39m","time":"2019-03-28T15:57:30.942Z","v":0}
{"name":"hexo","hostname":"dxy-ly.local","pid":12653,"level":20,"msg":"Processed: \u001b[35msource/fancybox/helpers/jquery.fancybox-thumbs.css\u001b[39m","time":"2019-03-28T15:57:30.942Z","v":0}
{"name":"hexo","hostname":"dxy-ly.local","pid":12653,"level":20,"msg":"Processed: \u001b[35msource/css/fonts/fontawesome-webfont.woff\u001b[39m","time":"2019-03-28T15:57:30.942Z","v":0}
{"name":"hexo","hostname":"dxy-ly.local","pid":12653,"level":20,"msg":"Processed: \u001b[35msource/css/fonts/fontawesome-webfont.ttf\u001b[39m","time":"2019-03-28T15:57:30.944Z","v":0}
{"name":"hexo","hostname":"dxy-ly.local","pid":12653,"level":20,"msg":"Processed: \u001b[35mlayout/_widget/category.ejs\u001b[39m","time":"2019-03-28T15:57:30.947Z","v":0}
{"name":"hexo","hostname":"dxy-ly.local","pid":12653,"level":20,"msg":"Processed: \u001b[35mlayout/_widget/recent_posts.ejs\u001b[39m","time":"2019-03-28T15:57:30.947Z","v":0}
{"name":"hexo","hostname":"dxy-ly.local","pid":12653,"level":20,"msg":"Processed: \u001b[35mlayout/_widget/archive.ejs\u001b[39m","time":"2019-03-28T15:57:30.947Z","v":0}
{"name":"hexo","hostname":"dxy-ly.local","pid":12653,"level":20,"msg":"Processed: \u001b[35mlayout/_widget/tag.ejs\u001b[39m","time":"2019-03-28T15:57:30.947Z","v":0}
{"name":"hexo","hostname":"dxy-ly.local","pid":12653,"level":20,"msg":"Processed: \u001b[35mlayout/_partial/after-footer.ejs\u001b[39m","time":"2019-03-28T15:57:30.948Z","v":0}
{"name":"hexo","hostname":"dxy-ly.local","pid":12653,"level":20,"msg":"Processed: \u001b[35mlayout/_partial/archive-post.ejs\u001b[39m","time":"2019-03-28T15:57:30.948Z","v":0}
{"name":"hexo","hostname":"dxy-ly.local","pid":12653,"level":20,"msg":"Processed: \u001b[35mlayout/_widget/tagcloud.ejs\u001b[39m","time":"2019-03-28T15:57:30.948Z","v":0}
{"name":"hexo","hostname":"dxy-ly.local","pid":12653,"level":20,"msg":"Processed: \u001b[35mlayout/_partial/article.ejs\u001b[39m","time":"2019-03-28T15:57:30.948Z","v":0}
{"name":"hexo","hostname":"dxy-ly.local","pid":12653,"level":20,"msg":"Processed: \u001b[35mlayout/_partial/archive.ejs\u001b[39m","time":"2019-03-28T15:57:30.948Z","v":0}
{"name":"hexo","hostname":"dxy-ly.local","pid":12653,"level":20,"msg":"Processed: \u001b[35mlayout/_partial/footer.ejs\u001b[39m","time":"2019-03-28T15:57:30.948Z","v":0}
{"name":"hexo","hostname":"dxy-ly.local","pid":12653,"level":20,"msg":"Processed: \u001b[35mlayout/_partial/gauges-analytics.ejs\u001b[39m","time":"2019-03-28T15:57:30.948Z","v":0}
{"name":"hexo","hostname":"dxy-ly.local","pid":12653,"level":20,"msg":"Processed: \u001b[35mlayout/_partial/google-analytics.ejs\u001b[39m","time":"2019-03-28T15:57:30.948Z","v":0}
{"name":"hexo","hostname":"dxy-ly.local","pid":12653,"level":20,"msg":"Processed: \u001b[35mlayout/_partial/head.ejs\u001b[39m","time":"2019-03-28T15:57:30.949Z","v":0}
{"name":"hexo","hostname":"dxy-ly.local","pid":12653,"level":20,"msg":"Processed: \u001b[35mlayout/_partial/header.ejs\u001b[39m","time":"2019-03-28T15:57:30.949Z","v":0}
{"name":"hexo","hostname":"dxy-ly.local","pid":12653,"level":20,"msg":"Processed: \u001b[35mlayout/_partial/mobile-nav.ejs\u001b[39m","time":"2019-03-28T15:57:30.949Z","v":0}
{"name":"hexo","hostname":"dxy-ly.local","pid":12653,"level":20,"msg":"Processed: \u001b[35mlayout/_partial/sidebar.ejs\u001b[39m","time":"2019-03-28T15:57:30.949Z","v":0}
{"name":"hexo","hostname":"dxy-ly.local","pid":12653,"level":20,"msg":"Processed: \u001b[35mlayout/_partial/post/category.ejs\u001b[39m","time":"2019-03-28T15:57:30.950Z","v":0}
{"name":"hexo","hostname":"dxy-ly.local","pid":12653,"level":20,"msg":"Processed: \u001b[35mlayout/_partial/post/gallery.ejs\u001b[39m","time":"2019-03-28T15:57:30.951Z","v":0}
{"name":"hexo","hostname":"dxy-ly.local","pid":12653,"level":20,"msg":"Processed: \u001b[35mlayout/_partial/post/date.ejs\u001b[39m","time":"2019-03-28T15:57:30.951Z","v":0}
{"name":"hexo","hostname":"dxy-ly.local","pid":12653,"level":20,"msg":"Processed: \u001b[35mlayout/_partial/post/nav.ejs\u001b[39m","time":"2019-03-28T15:57:30.951Z","v":0}
{"name":"hexo","hostname":"dxy-ly.local","pid":12653,"level":20,"msg":"Processed: \u001b[35mlayout/_partial/post/tag.ejs\u001b[39m","time":"2019-03-28T15:57:30.951Z","v":0}
{"name":"hexo","hostname":"dxy-ly.local","pid":12653,"level":20,"msg":"Processed: \u001b[35mlayout/_partial/post/title.ejs\u001b[39m","time":"2019-03-28T15:57:30.951Z","v":0}
{"name":"hexo","hostname":"dxy-ly.local","pid":12653,"level":20,"msg":"Processed: \u001b[35msource/css/fonts/fontawesome-webfont.svg\u001b[39m","time":"2019-03-28T15:57:30.952Z","v":0}
{"name":"hexo","hostname":"dxy-ly.local","pid":12653,"level":20,"msg":"Processed: \u001b[35msource/css/images/banner.jpg\u001b[39m","time":"2019-03-28T15:57:30.954Z","v":0}
{"name":"hexo","hostname":"dxy-ly.local","pid":12653,"level":20,"msg":"Generator: \u001b[35mpage\u001b[39m","time":"2019-03-28T15:57:30.981Z","v":0}
{"name":"hexo","hostname":"dxy-ly.local","pid":12653,"level":20,"msg":"Generator: \u001b[35mpost\u001b[39m","time":"2019-03-28T15:57:30.982Z","v":0}
{"name":"hexo","hostname":"dxy-ly.local","pid":12653,"level":20,"msg":"Generator: \u001b[35masset\u001b[39m","time":"2019-03-28T15:57:30.983Z","v":0}
{"name":"hexo","hostname":"dxy-ly.local","pid":12653,"level":30,"msg":"Hexo is running at \u001b[4mhttp://localhost:5000\u001b[24m . Press Ctrl+C to stop.","time":"2019-03-28T15:57:30.988Z","v":0}
{"name":"hexo","hostname":"dxy-ly.local","pid":12653,"level":20,"msg":"Database saved","time":"2019-03-28T15:57:30.999Z","v":0}
{"name":"hexo","hostname":"dxy-ly.local","pid":12653,"level":30,"msg":"Good bye","time":"2019-03-28T15:58:15.040Z","v":0}
{"name":"hexo","hostname":"dxy-ly.local","pid":12653,"level":20,"msg":"Database saved","time":"2019-03-28T15:58:15.049Z","v":0}
