Arguments: 
  /Users/dxy-ly/.nvm/versions/node/v6.10.2/bin/node /usr/local/bin/yarn install --production

PATH: 
  /Users/dxy-ly/.nvm/versions/node/v6.10.2/bin:/Library/Frameworks/Python.framework/Versions/2.7/bin:/Library/Frameworks/Python.framework/Versions/3.6/bin:/usr/local/bin:/usr/bin:/bin:/usr/sbin:/sbin:/usr/local/go/bin

Yarn version: 
  0.24.5

Node version: 
  6.10.2

Platform: 
  darwin x64

npm manifest: 
  {
    "name": "hexo-site",
    "version": "0.0.0",
    "private": true,
    "hexo": {
      "version": ""
    },
    "dependencies": {
      "hexo": "^3.8.0",
      "hexo-generator-archive": "^0.1.5",
      "hexo-generator-category": "^0.1.3",
      "hexo-generator-index": "^0.2.1",
      "hexo-generator-tag": "^0.2.0",
      "hexo-renderer-ejs": "^0.3.1",
      "hexo-renderer-stylus": "^0.3.3",
      "hexo-renderer-marked": "^0.3.2",
      "hexo-server": "^0.3.3"
    }
  }

yarn manifest: 
  No manifest

Lockfile: 
  No lockfile

Trace: 
  Error: https://registry.yarnpkg.com/marked: ETIMEDOUT
      at Timeout._onTimeout (/usr/local/Cellar/yarn/0.24.5/libexec/lib/yarn-cli.js:108501:19)
      at ontimeout (timers.js:380:14)
      at tryOnTimeout (timers.js:244:5)
      at Timer.listOnTimeout (timers.js:214:5)
